Temp/gradleOut/launcher/build/intermediates/manifest_merge_blame_file/release/manifest-merger-blame-release-report.txt
1<?xml version="1.0" encoding="utf-8"?>
2<!-- GENERATED BY UNITY. REMOVE THIS COMMENT TO PREVENT OVERWRITING WHEN EXPORTING AGAIN -->
3<manifest xmlns:android="http://schemas.android.com/apk/res/android"
4    package="com.VRapeutic.RodjaCrossplatform"
5    android:installLocation="preferExternal"
6    android:versionCode="1"
7    android:versionName="0.1" >
8
9    <uses-sdk
10        android:minSdkVersion="23"
10-->src\main\AndroidManifest.xml
11        android:targetSdkVersion="30" />
11-->src\main\AndroidManifest.xml
12
13    <supports-screens
13-->src\main\AndroidManifest.xml:4:3-163
14        android:anyDensity="true"
14-->src\main\AndroidManifest.xml:4:135-160
15        android:largeScreens="true"
15-->src\main\AndroidManifest.xml:4:78-105
16        android:normalScreens="true"
16-->src\main\AndroidManifest.xml:4:49-77
17        android:smallScreens="true"
17-->src\main\AndroidManifest.xml:4:21-48
18        android:xlargeScreens="true" />
18-->src\main\AndroidManifest.xml:4:106-134
19
20    <uses-feature android:glEsVersion="0x00030000" />
20-->[:unityLibrary] AndroidManifest.xml:14:5-54
20-->[:unityLibrary] AndroidManifest.xml:14:19-51
21
22    <uses-permission android:name="android.permission.WRITE_EXTERNAL_STORAGE" />
22-->[:unityLibrary] AndroidManifest.xml:16:5-81
22-->[:unityLibrary] AndroidManifest.xml:16:22-78
23
24    <uses-feature
24-->[:unityLibrary] AndroidManifest.xml:18:5-20:36
25        android:name="android.hardware.touchscreen"
25-->[:unityLibrary] AndroidManifest.xml:19:9-52
26        android:required="false" />
26-->[:unityLibrary] AndroidManifest.xml:20:9-33
27    <uses-feature
27-->[:unityLibrary] AndroidManifest.xml:21:5-23:36
28        android:name="android.hardware.touchscreen.multitouch"
28-->[:unityLibrary] AndroidManifest.xml:22:9-63
29        android:required="false" />
29-->[:unityLibrary] AndroidManifest.xml:23:9-33
30    <uses-feature
30-->[:unityLibrary] AndroidManifest.xml:24:5-26:36
31        android:name="android.hardware.touchscreen.multitouch.distinct"
31-->[:unityLibrary] AndroidManifest.xml:25:9-72
32        android:required="false" />
32-->[:unityLibrary] AndroidManifest.xml:26:9-33
33    <uses-feature
33-->[:unityLibrary] AndroidManifest.xml:27:5-30:31
34        android:name="android.hardware.vr.headtracking"
34-->[:unityLibrary] AndroidManifest.xml:28:9-56
35        android:required="true"
35-->[:unityLibrary] AndroidManifest.xml:29:9-32
36        android:version="1" />
36-->[:unityLibrary] AndroidManifest.xml:30:9-28
37
38    <uses-permission android:name="android.permission.REORDER_TASKS" />
38-->[:Pico_PaymentSDK_Android_V1.0.34:] AndroidManifest.xml:11:5-72
38-->[:Pico_PaymentSDK_Android_V1.0.34:] AndroidManifest.xml:11:22-69
39    <uses-permission android:name="android.permission.CHANGE_WIFI_STATE" />
39-->[:Pico_PaymentSDK_Android_V1.0.34:] AndroidManifest.xml:12:5-76
39-->[:Pico_PaymentSDK_Android_V1.0.34:] AndroidManifest.xml:12:22-73
40    <uses-permission android:name="android.permission.INTERNET" />
40-->[:Pico_PaymentSDK_Android_V1.0.34:] AndroidManifest.xml:13:5-67
40-->[:Pico_PaymentSDK_Android_V1.0.34:] AndroidManifest.xml:13:22-64
41    <uses-permission android:name="android.permission.ACCESS_NETWORK_STATE" />
41-->[:Pico_PaymentSDK_Android_V1.0.34:] AndroidManifest.xml:14:5-79
41-->[:Pico_PaymentSDK_Android_V1.0.34:] AndroidManifest.xml:14:22-76
42    <uses-permission android:name="android.permission.ACCESS_WIFI_STATE" />
42-->[:Pico_PaymentSDK_Android_V1.0.34:] AndroidManifest.xml:15:5-76
42-->[:Pico_PaymentSDK_Android_V1.0.34:] AndroidManifest.xml:15:22-73
43
44    <application
44-->src\main\AndroidManifest.xml:5:3-116
45        android:allowBackup="true"
45-->[:Pico_PaymentSDK_Android_V1.0.34:] AndroidManifest.xml:18:9-35
46        android:extractNativeLibs="true"
46-->src\main\AndroidManifest.xml:5:16-48
47        android:icon="@mipmap/app_icon"
47-->src\main\AndroidManifest.xml:5:82-113
48        android:label="@string/app_name"
48-->src\main\AndroidManifest.xml:5:49-81
49        android:supportsRtl="true" >
49-->[:Pico_PaymentSDK_Android_V1.0.34:] AndroidManifest.xml:20:9-35
50        <activity
50-->[:unityLibrary] AndroidManifest.xml:33:9-57:20
51            android:name="com.unity3d.player.UnityPlayerActivity"
51-->[:unityLibrary] AndroidManifest.xml:34:13-66
52            android:configChanges="keyboard|keyboardHidden|navigation|orientation|screenLayout|screenSize|uiMode"
52-->[:unityLibrary] AndroidManifest.xml:35:13-114
53            android:hardwareAccelerated="false"
53-->[:unityLibrary] AndroidManifest.xml:36:13-48
54            android:launchMode="singleTask"
54-->[:unityLibrary] AndroidManifest.xml:37:13-44
55            android:resizeableActivity="false"
55-->[:unityLibrary] AndroidManifest.xml:38:13-47
56            android:screenOrientation="landscape"
56-->[:unityLibrary] AndroidManifest.xml:39:13-50
57            android:theme="@android:style/Theme.Black.NoTitleBar.Fullscreen" >
57-->[:unityLibrary] AndroidManifest.xml:40:13-77
58            <intent-filter>
58-->[:unityLibrary] AndroidManifest.xml:41:13-46:29
59                <action android:name="android.intent.action.MAIN" />
59-->[:unityLibrary] AndroidManifest.xml:42:17-69
59-->[:unityLibrary] AndroidManifest.xml:42:25-66
60
61                <category android:name="android.intent.category.LAUNCHER" />
61-->[:unityLibrary] AndroidManifest.xml:44:17-77
61-->[:unityLibrary] AndroidManifest.xml:44:27-74
62                <category android:name="com.oculus.intent.category.VR" />
62-->[:unityLibrary] AndroidManifest.xml:45:17-74
62-->[:unityLibrary] AndroidManifest.xml:45:27-71
63            </intent-filter>
64
65            <meta-data
65-->[:unityLibrary] AndroidManifest.xml:48:13-50:40
66                android:name="unityplayer.UnityActivity"
66-->[:unityLibrary] AndroidManifest.xml:49:17-57
67                android:value="true" />
67-->[:unityLibrary] AndroidManifest.xml:50:17-37
68            <meta-data
68-->[:unityLibrary] AndroidManifest.xml:51:13-53:40
69                android:name="android.notch_support"
69-->[:unityLibrary] AndroidManifest.xml:52:17-53
70                android:value="true" />
70-->[:unityLibrary] AndroidManifest.xml:53:17-37
71            <meta-data
71-->[:unityLibrary] AndroidManifest.xml:54:13-56:40
72                android:name="com.oculus.vr.focusaware"
72-->[:unityLibrary] AndroidManifest.xml:55:17-56
73                android:value="true" />
73-->[:unityLibrary] AndroidManifest.xml:56:17-37
74        </activity>
75
76        <meta-data
76-->[:unityLibrary] AndroidManifest.xml:59:9-61:33
77            android:name="unity.splash-mode"
77-->[:unityLibrary] AndroidManifest.xml:60:13-45
78            android:value="0" />
78-->[:unityLibrary] AndroidManifest.xml:61:13-30
79        <meta-data
79-->[:unityLibrary] AndroidManifest.xml:62:9-64:36
80            android:name="unity.splash-enable"
80-->[:unityLibrary] AndroidManifest.xml:63:13-47
81            android:value="True" />
81-->[:unityLibrary] AndroidManifest.xml:64:13-33
82        <meta-data
82-->[:unityLibrary] AndroidManifest.xml:65:9-67:37
83            android:name="unity.allow-resizable-window"
83-->[:unityLibrary] AndroidManifest.xml:66:13-56
84            android:value="False" />
84-->[:unityLibrary] AndroidManifest.xml:67:13-34
85        <meta-data
85-->[:unityLibrary] AndroidManifest.xml:68:9-70:50
86            android:name="notch.config"
86-->[:unityLibrary] AndroidManifest.xml:69:13-40
87            android:value="portrait|landscape" />
87-->[:unityLibrary] AndroidManifest.xml:70:13-47
88        <meta-data
88-->[:unityLibrary] AndroidManifest.xml:71:9-73:68
89            android:name="unity.build-id"
89-->[:unityLibrary] AndroidManifest.xml:72:13-42
90            android:value="5c085b5f-6d5a-4ef0-acd7-325493043652" />
90-->[:unityLibrary] AndroidManifest.xml:73:13-65
91        <meta-data
91-->[:unityLibrary] AndroidManifest.xml:74:9-76:39
92            android:name="com.samsung.android.vr.application.mode"
92-->[:unityLibrary] AndroidManifest.xml:75:13-67
93            android:value="vr_only" />
93-->[:unityLibrary] AndroidManifest.xml:76:13-36
94        <meta-data
94-->[:unityLibrary] AndroidManifest.xml:77:9-79:37
95            android:name="com.unity.xr.oculus.LowOverheadMode"
95-->[:unityLibrary] AndroidManifest.xml:78:13-63
96            android:value="false" />
96-->[:unityLibrary] AndroidManifest.xml:79:13-34
97        <meta-data
97-->[:unityLibrary] AndroidManifest.xml:80:9-82:44
98            android:name="com.oculus.supportedDevices"
98-->[:unityLibrary] AndroidManifest.xml:81:13-55
99            android:value="quest|quest2" />
99-->[:unityLibrary] AndroidManifest.xml:82:13-41
100
101        <activity
101-->[:Pico_PaymentSDK_Android_V1.0.34:] AndroidManifest.xml:21:9-32:20
102            android:name="com.pico.loginpaysdk.auth.TransferStationActivity"
102-->[:Pico_PaymentSDK_Android_V1.0.34:] AndroidManifest.xml:22:13-77
103            android:excludeFromRecents="true"
103-->[:Pico_PaymentSDK_Android_V1.0.34:] AndroidManifest.xml:23:13-46
104            android:exported="true"
104-->[:Pico_PaymentSDK_Android_V1.0.34:] AndroidManifest.xml:24:13-36
105            android:launchMode="singleTask"
105-->[:Pico_PaymentSDK_Android_V1.0.34:] AndroidManifest.xml:25:13-44
106            android:theme="@android:style/Theme.Translucent.NoTitleBar" >
106-->[:Pico_PaymentSDK_Android_V1.0.34:] AndroidManifest.xml:26:13-72
107            <intent-filter>
107-->[:Pico_PaymentSDK_Android_V1.0.34:] AndroidManifest.xml:27:13-31:29
108                <action android:name="com.pico.loginpaysdk.intent.action.AuthCallback" />
108-->[:Pico_PaymentSDK_Android_V1.0.34:] AndroidManifest.xml:28:17-90
108-->[:Pico_PaymentSDK_Android_V1.0.34:] AndroidManifest.xml:28:25-87
109
110                <category android:name="android.intent.category.DEFAULT" />
110-->[:Pico_PaymentSDK_Android_V1.0.34:] AndroidManifest.xml:30:17-76
110-->[:Pico_PaymentSDK_Android_V1.0.34:] AndroidManifest.xml:30:27-73
111            </intent-filter>
112        </activity>
113    </application>
114
115</manifest>